INFO:__main__:2025-04-06 12:59:27.633985 - New game started
INFO:__main__:2025-04-06 13:00:28.381286 - New game started
INFO:__main__:2025-04-06 13:02:57.783200 - New game started
INFO:__main__:2025-04-06 13:03:49.769469 - New game started
INFO:__main__:2025-04-06 13:04:17.188700 - New game started
INFO:__main__:2025-04-06 13:05:51.224143 - New game started
INFO:__main__:2025-04-06 13:15:22.302788 - New game started
INFO:__main__:2025-04-06 13:40:54.979600 - New game started
INFO:__main__:2025-04-06 13:42:20.930328 - New game started
INFO:__main__:2025-04-06 13:42:34.213264 - New game started
INFO:__main__:2025-04-06 13:45:16.233385 - New game started
INFO:__main__:2025-04-06 13:45:55.255711 - New game started
INFO:__main__:2025-04-06 13:46:59.418470 - New game started
INFO:__main__:2025-04-06 13:48:19.256550 - New game started
INFO:__main__:2025-04-06 13:57:47.025069 - New game started
INFO:__main__:2025-04-06 14:39:59.784922 - New game started
INFO:__main__:2025-04-06 14:40:56.410615 - New game started
INFO:__main__:2025-04-06 14:41:13.869894 - New game started
INFO:__main__:2025-04-06 15:12:22.598554 - New game started
INFO:__main__:2025-04-06 15:13:08.357158 - New game started
INFO:__main__:2025-04-06 15:14:02.502661 - New game started
INFO:__main__:2025-04-06 15:28:04.833709 - New game started
INFO:__main__:2025-04-06 15:28:57.386492 - New game started
INFO:__main__:2025-04-06 15:38:13.974692 - New game started
INFO:__main__:2025-04-06 15:40:06.241990 - New game started
INFO:__main__:2025-04-06 15:42:53.008757 - New game started
INFO:__main__:2025-04-06 15:44:03.134084 - New game started
INFO:__main__:2025-04-06 15:45:07.015512 - New game started
INFO:__main__:2025-04-06 15:48:15.587770 - New game started
INFO:__main__:2025-04-06 15:48:45.520322 - New game started
INFO:__main__:2025-04-06 15:51:27.147845 - New game started
INFO:__main__:2025-04-06 15:59:29.632307 - New game started
INFO:__main__:2025-04-06 16:54:01.105622 - New game started
INFO:__main__:2025-04-06 16:55:32.829451 - New game started
INFO:__main__:2025-04-06 16:56:15.224700 - New game started
INFO:__main__:2025-04-06 16:56:42.844728 - New game started
INFO:__main__:2025-04-06 16:56:55.705643 - New game started
INFO:__main__:2025-04-06 17:12:26.990838 - New game started
INFO:__main__:2025-04-06 17:13:30.602622 - New game started
INFO:__main__:2025-04-06 17:17:19.491243 - New game started
INFO:__main__:2025-04-06 17:20:12.924568 - New game started
INFO:__main__:2025-04-06 17:22:07.557707 - New game started
INFO:__main__:2025-04-06 17:23:43.796336 - New game started
INFO:__main__:2025-04-06 17:26:38.901183 - New game started
INFO:__main__:2025-04-06 17:29:47.461193 - New game started
INFO:__main__:2025-04-06 17:39:30.316306 - New game started
INFO:__main__:2025-04-06 17:40:16.743358 - New game started
INFO:__main__:2025-04-06 17:40:42.827151 - New game started
INFO:__main__:2025-04-06 17:43:16.483967 - New game started
INFO:__main__:2025-04-06 17:43:54.140018 - New game started
INFO:__main__:2025-04-06 17:44:48.344262 - New game started
INFO:__main__:2025-04-06 17:56:46.101095 - New game started
INFO:__main__:2025-04-06 18:06:24.961274 - New game started
INFO:__main__:2025-04-06 18:18:52.848985 - New game started
INFO:__main__:2025-04-06 18:19:41.657836 - New game started
INFO:__main__:2025-04-06 18:22:41.134939 - New game started
INFO:__main__:2025-04-06 18:32:24.326523 - New game started
INFO:__main__:2025-04-06 18:35:18.573008 - New game started
INFO:__main__:2025-04-06 18:40:40.369689 - New game started
INFO:__main__:2025-04-06 18:40:53.309241 - New game started
INFO:__main__:2025-04-06 18:41:05.691454 - New game started
INFO:__main__:2025-04-06 18:44:22.762894 - New game started
INFO:__main__:2025-04-06 18:59:32.205813 - New game started
INFO:__main__:2025-04-06 19:08:23.029053 - New game started
INFO:__main__:2025-04-06 19:08:53.745114 - New game started
<<<<<<< HEAD
INFO:__main__:2025-04-06 19:13:38.077187 - New game started
=======
INFO:__main__:2025-04-07 08:12:23.504248 - New game started
INFO:__main__:2025-04-07 09:08:23.824004 - New game started
INFO:root:2025-04-07 09:08:27.990629 - Game executed successfully.
INFO:__main__:2025-04-07 09:09:13.387884 - New game started
INFO:root:2025-04-07 09:09:28.355406 - Game executed successfully.
INFO:__main__:2025-04-07 09:09:57.563734 - New game started
INFO:root:2025-04-07 09:10:18.904387 - Game executed successfully.
INFO:__main__:2025-04-07 09:10:42.723456 - New game started
INFO:root:2025-04-07 09:10:49.601296 - Game executed successfully.
INFO:__main__:2025-04-07 09:12:14.626928 - New game started
INFO:root:2025-04-07 09:12:19.988457 - Game executed successfully.
INFO:__main__:2025-04-07 09:20:07.747007 - New game started
INFO:root:2025-04-07 09:20:13.954395 - Game executed successfully.
INFO:__main__:2025-04-07 09:24:54.914789 - New game started
INFO:root:2025-04-07 09:25:00.866212 - Game executed successfully.
INFO:__main__:2025-04-08 09:39:30.026752 - New game started
INFO:root:2025-04-08 09:40:06.043667 - Game executed successfully.
INFO:__main__:2025-04-08 09:40:44.302211 - New game started
INFO:root:2025-04-08 09:40:49.570991 - Game executed successfully.
INFO:__main__:2025-04-08 09:44:00.297308 - New game started
INFO:root:2025-04-08 09:44:36.703388 - Game executed successfully.
INFO:__main__:2025-04-08 09:44:38.783448 - New game started
INFO:root:2025-04-08 09:44:54.172445 - Game executed successfully.
INFO:__main__:2025-04-08 09:47:55.447802 - New game started
INFO:root:2025-04-08 09:48:37.635982 - Game executed successfully.
INFO:__main__:2025-04-08 09:49:06.738166 - New game started
INFO:root:2025-04-08 09:49:24.500911 - Game executed successfully.
INFO:__main__:2025-04-08 09:50:18.460466 - New game started
INFO:root:2025-04-08 09:50:27.852885 - Game executed successfully.
>>>>>>> eb544497072bb5c311d18fbe06b7b24a9be878ba
